<?xml version='1.0' encoding='UTF-8' ?>
<testsuite name="com.feri.redmedalertandroidapp.data.sync.SyncIntegrationTest" tests="2" failures="0" errors="0" skipped="0" time="44.015" timestamp="2025-01-16T15:07:10" hostname="localhost">
  <properties>
    <property name="device" value="Pixel_6a_Edited_API_34(AVD) - 14" />
    <property name="flavor" value="" />
    <property name="project" value=":app" />
  </properties>
  <testcase name="testOfflineSync" classname="com.feri.redmedalertandroidapp.data.sync.SyncIntegrationTest" time="19.51" />
  <testcase name="testCompleteSync" classname="com.feri.redmedalertandroidapp.data.sync.SyncIntegrationTest" time="22.402" />
</testsuite>